Started GET "/" for 127.0.0.1 at 2017-01-31 13:18:37 -0500
Processing by Rails::WelcomeController#index as HTML
  Parameters: {"internal"=>true}
  Rendering /Users/jackfeely/.rvm/gems/ruby-2.3.1/gems/railties-5.0.1/lib/rails/templates/rails/welcome/index.html.erb
  Rendered /Users/jackfeely/.rvm/gems/ruby-2.3.1/gems/railties-5.0.1/lib/rails/templates/rails/welcome/index.html.erb (7.1ms)
Completed 200 OK in 130ms (Views: 61.3ms | ActiveRecord: 0.0ms)


Started GET "/" for 127.0.0.1 at 2017-01-31 14:59:38 -0500
Processing by HomeController#index as HTML
  Rendering home/index.html.erb within layouts/application
  Rendered home/index.html.erb within layouts/application (10.4ms)
Completed 200 OK in 4854ms (Views: 4794.3ms | ActiveRecord: 0.0ms)


Started GET "/about_us/index" for 127.0.0.1 at 2017-01-31 15:00:01 -0500
Processing by AboutUsController#index as HTML
  Rendering about_us/index.html.erb within layouts/application
  Rendered about_us/index.html.erb within layouts/application (0.8ms)
Completed 200 OK in 246ms (Views: 214.1ms | ActiveRecord: 0.0ms)


Started GET "/about_us" for 127.0.0.1 at 2017-01-31 15:00:06 -0500
  
ActionController::RoutingError (No route matches [GET] "/about_us"):
  
actionpack (5.0.1) lib/action_dispatch/middleware/debug_exceptions.rb:53:in `call'
web-console (3.4.0) lib/web_console/middleware.rb:135:in `call_app'
web-console (3.4.0) lib/web_console/middleware.rb:28:in `block in call'
web-console (3.4.0) lib/web_console/middleware.rb:18:in `catch'
web-console (3.4.0) lib/web_console/middleware.rb:18:in `call'
actionpack (5.0.1) lib/action_dispatch/middleware/show_exceptions.rb:31:in `call'
railties (5.0.1) lib/rails/rack/logger.rb:36:in `call_app'
railties (5.0.1) lib/rails/rack/logger.rb:24:in `block in call'
activesupport (5.0.1) lib/active_support/tagged_logging.rb:69:in `block in tagged'
activesupport (5.0.1) lib/active_support/tagged_logging.rb:26:in `tagged'
activesupport (5.0.1) lib/active_support/tagged_logging.rb:69:in `tagged'
railties (5.0.1) lib/rails/rack/logger.rb:24:in `call'
sprockets-rails (3.2.0) lib/sprockets/rails/quiet_assets.rb:13:in `call'
actionpack (5.0.1) lib/action_dispatch/middleware/request_id.rb:24:in `call'
rack (2.0.1) lib/rack/method_override.rb:22:in `call'
rack (2.0.1) lib/rack/runtime.rb:22:in `call'
activesupport (5.0.1) lib/active_support/cache/strategy/local_cache_middleware.rb:28:in `call'
actionpack (5.0.1) lib/action_dispatch/middleware/executor.rb:12:in `call'
actionpack (5.0.1) lib/action_dispatch/middleware/static.rb:136:in `call'
rack (2.0.1) lib/rack/sendfile.rb:111:in `call'
railties (5.0.1) lib/rails/engine.rb:522:in `call'
puma (3.7.0) lib/puma/configuration.rb:226:in `call'
puma (3.7.0) lib/puma/server.rb:578:in `handle_request'
puma (3.7.0) lib/puma/server.rb:415:in `process_client'
puma (3.7.0) lib/puma/server.rb:275:in `block in run'
puma (3.7.0) lib/puma/thread_pool.rb:120:in `block in spawn_thread'
  Rendering /Users/jackfeely/.rvm/gems/ruby-2.3.1/gems/actionpack-5.0.1/lib/action_dispatch/middleware/templates/rescues/routing_error.html.erb within rescues/layout
  Rendering /Users/jackfeely/.rvm/gems/ruby-2.3.1/gems/actionpack-5.0.1/lib/action_dispatch/middleware/templates/rescues/_trace.html.erb
  Rendered /Users/jackfeely/.rvm/gems/ruby-2.3.1/gems/actionpack-5.0.1/lib/action_dispatch/middleware/templates/rescues/_trace.html.erb (5.1ms)
Started GET "/about_us/index" for 127.0.0.1 at 2017-01-31 15:00:59 -0500
Processing by AboutUsController#index as HTML
  Rendering about_us/index.html.erb within layouts/application
  Rendered about_us/index.html.erb within layouts/application (10.1ms)
Completed 200 OK in 832ms (Views: 785.6ms | ActiveRecord: 0.0ms)


Started GET "/" for 127.0.0.1 at 2017-01-31 15:01:07 -0500
Processing by HomeController#index as HTML
  Rendering home/index.html.erb within layouts/application
  Rendered home/index.html.erb within layouts/application (1.1ms)
Completed 200 OK in 187ms (Views: 183.2ms | ActiveRecord: 0.0ms)


Started GET "/" for 127.0.0.1 at 2017-01-31 15:09:43 -0500
Processing by HomeController#index as HTML
  Rendering home/index.html.erb within layouts/application
  Rendered home/index.html.erb within layouts/application (3.5ms)
Completed 200 OK in 191ms (Views: 180.5ms | ActiveRecord: 0.0ms)


Started GET "/" for 127.0.0.1 at 2017-01-31 15:10:00 -0500
Processing by HomeController#index as HTML
  Rendering home/index.html.erb within layouts/application
  Rendered home/index.html.erb within layouts/application (0.6ms)
Completed 200 OK in 235ms (Views: 218.5ms | ActiveRecord: 0.0ms)


Started GET "/about_us/index" for 127.0.0.1 at 2017-01-31 15:10:04 -0500
Processing by AboutUsController#index as HTML
  Rendering about_us/index.html.erb within layouts/application
  Rendered about_us/index.html.erb within layouts/application (1.0ms)
Completed 200 OK in 248ms (Views: 244.3ms | ActiveRecord: 0.0ms)


Started GET "/about_us/index" for 127.0.0.1 at 2017-01-31 15:10:32 -0500
Processing by AboutUsController#index as HTML
  Rendering about_us/index.html.erb within layouts/application
  Rendered about_us/index.html.erb within layouts/application (1.0ms)
Completed 200 OK in 151ms (Views: 146.4ms | ActiveRecord: 0.0ms)


Started GET "/home/index" for 127.0.0.1 at 2017-01-31 15:10:34 -0500
Processing by HomeController#index as HTML
  Rendering home/index.html.erb within layouts/application
  Rendered home/index.html.erb within layouts/application (0.7ms)
Completed 200 OK in 64ms (Views: 59.8ms | ActiveRecord: 0.0ms)


Started GET "/about_us/index" for 127.0.0.1 at 2017-01-31 15:10:39 -0500
Processing by AboutUsController#index as HTML
  Rendering about_us/index.html.erb within layouts/application
  Rendered about_us/index.html.erb within layouts/application (0.9ms)
Completed 200 OK in 129ms (Views: 124.9ms | ActiveRecord: 0.0ms)


Started GET "/home/index" for 127.0.0.1 at 2017-01-31 15:10:40 -0500
Processing by HomeController#index as HTML
  Rendering home/index.html.erb within layouts/application
  Rendered home/index.html.erb within layouts/application (0.6ms)
Completed 200 OK in 63ms (Views: 58.6ms | ActiveRecord: 0.0ms)


Started GET "/about_us/index" for 127.0.0.1 at 2017-01-31 15:10:40 -0500
Processing by AboutUsController#index as HTML
  Rendering about_us/index.html.erb within layouts/application
  Rendered about_us/index.html.erb within layouts/application (1.6ms)
Completed 200 OK in 73ms (Views: 69.5ms | ActiveRecord: 0.0ms)


Started GET "/about_us/index" for 127.0.0.1 at 2017-01-31 15:11:12 -0500
Processing by AboutUsController#index as HTML
  Rendering about_us/index.html.erb within layouts/application
  Rendered about_us/index.html.erb within layouts/application (3.0ms)
Completed 200 OK in 301ms (Views: 289.7ms | ActiveRecord: 0.0ms)


Started GET "/about_us/index" for 127.0.0.1 at 2017-01-31 15:15:31 -0500
Processing by AboutUsController#index as HTML
  Rendering about_us/index.html.erb within layouts/application
  Rendered about_us/index.html.erb within layouts/application (0.7ms)
Completed 200 OK in 281ms (Views: 276.8ms | ActiveRecord: 0.0ms)


Started GET "/about_us/index" for 127.0.0.1 at 2017-01-31 15:15:49 -0500
Processing by AboutUsController#index as HTML
  Rendering about_us/index.html.erb within layouts/application
  Rendered about_us/index.html.erb within layouts/application (1.5ms)
Completed 200 OK in 137ms (Views: 131.8ms | ActiveRecord: 0.0ms)


Started GET "/about_us/index" for 127.0.0.1 at 2017-01-31 15:15:57 -0500
Processing by AboutUsController#index as HTML
  Rendering about_us/index.html.erb within layouts/application
  Rendered about_us/index.html.erb within layouts/application (0.8ms)
Completed 200 OK in 183ms (Views: 179.1ms | ActiveRecord: 0.0ms)


Started GET "/about_us/index" for 127.0.0.1 at 2017-01-31 15:16:23 -0500
Processing by AboutUsController#index as HTML
  Rendering about_us/index.html.erb within layouts/application
  Rendered about_us/index.html.erb within layouts/application (0.7ms)
Completed 200 OK in 44ms (Views: 40.4ms | ActiveRecord: 0.0ms)


Started GET "/about_us/index" for 127.0.0.1 at 2017-01-31 15:19:50 -0500
Processing by AboutUsController#index as HTML
  Rendering about_us/index.html.erb within layouts/application
  Rendered about_us/_our_goals.html.erb (1.0ms)
  Rendered about_us/index.html.erb within layouts/application (19.8ms)
Completed 200 OK in 297ms (Views: 287.0ms | ActiveRecord: 0.0ms)


Started GET "/about_us/index" for 127.0.0.1 at 2017-01-31 15:21:07 -0500
Processing by AboutUsController#index as HTML
  Rendering about_us/index.html.erb within layouts/application
  Rendered about_us/_our_goals.html.erb (0.7ms)
  Rendered about_us/_our_history.html.erb (1.2ms)
  Rendered about_us/index.html.erb within layouts/application (42.0ms)
Completed 200 OK in 276ms (Views: 271.0ms | ActiveRecord: 0.0ms)


Started GET "/about_us/index" for 127.0.0.1 at 2017-01-31 15:23:28 -0500
Processing by AboutUsController#index as HTML
  Rendering about_us/index.html.erb within layouts/application
  Rendered about_us/_our_goals.html.erb (0.9ms)
  Rendered about_us/_our_history.html.erb (0.8ms)
  Rendered about_us/_our_team.html.erb (1.6ms)
  Rendered about_us/index.html.erb within layouts/application (86.1ms)
Completed 200 OK in 350ms (Views: 339.7ms | ActiveRecord: 0.0ms)


Started GET "/about_us/index" for 127.0.0.1 at 2017-01-31 15:28:02 -0500
Processing by AboutUsController#index as HTML
  Rendering about_us/index.html.erb within layouts/application
  Rendered about_us/_our_goals.html.erb (1.4ms)
  Rendered about_us/_our_history.html.erb (2.5ms)
  Rendered about_us/_our_team.html.erb (2.0ms)
  Rendered about_us/index.html.erb within layouts/application (56.7ms)
Completed 200 OK in 315ms (Views: 304.1ms | ActiveRecord: 0.0ms)


Started GET "/about_us/index" for 127.0.0.1 at 2017-01-31 15:31:47 -0500
Processing by AboutUsController#index as HTML
  Rendering about_us/index.html.erb within layouts/application
  Rendered about_us/_our_goals.html.erb (1.0ms)
  Rendered about_us/_our_history.html.erb (1.3ms)
  Rendered about_us/_our_team.html.erb (1.1ms)
  Rendered about_us/index.html.erb within layouts/application (66.9ms)
Completed 200 OK in 641ms (Views: 630.9ms | ActiveRecord: 0.0ms)


Started GET "/about_us/index" for 127.0.0.1 at 2017-01-31 15:34:16 -0500
Processing by AboutUsController#index as HTML
  Rendering about_us/index.html.erb within layouts/application
  Rendered about_us/_our_goals.html.erb (1.4ms)
  Rendered about_us/_our_history.html.erb (1.5ms)
  Rendered about_us/_our_team.html.erb (1.4ms)
  Rendered about_us/index.html.erb within layouts/application (77.9ms)
Completed 200 OK in 558ms (Views: 547.7ms | ActiveRecord: 0.0ms)


Started GET "/about_us/index" for 127.0.0.1 at 2017-01-31 15:35:51 -0500
Processing by AboutUsController#index as HTML
  Rendering about_us/index.html.erb within layouts/application
  Rendered about_us/_our_goals.html.erb (4.1ms)
  Rendered about_us/_our_history.html.erb (1.5ms)
  Rendered about_us/_our_team.html.erb (1.6ms)
  Rendered about_us/index.html.erb within layouts/application (67.0ms)
Completed 200 OK in 638ms (Views: 627.5ms | ActiveRecord: 0.0ms)


Started GET "/about_us/index" for 127.0.0.1 at 2017-01-31 15:36:03 -0500
Processing by AboutUsController#index as HTML
  Rendering about_us/index.html.erb within layouts/application
  Rendered about_us/_our_goals.html.erb (1.1ms)
  Rendered about_us/_our_history.html.erb (0.8ms)
  Rendered about_us/_our_team.html.erb (0.9ms)
  Rendered about_us/index.html.erb within layouts/application (55.7ms)
Completed 200 OK in 331ms (Views: 326.8ms | ActiveRecord: 0.0ms)


Started GET "/about_us/index" for 127.0.0.1 at 2017-01-31 15:37:02 -0500
Processing by AboutUsController#index as HTML
  Rendering about_us/index.html.erb within layouts/application
  Rendered about_us/_our_goals.html.erb (0.9ms)
  Rendered about_us/_our_history.html.erb (0.8ms)
  Rendered about_us/_our_team.html.erb (1.3ms)
  Rendered about_us/index.html.erb within layouts/application (67.0ms)
Completed 200 OK in 484ms (Views: 471.3ms | ActiveRecord: 0.0ms)


